<?xml version="1.0" encoding="UTF-8"?>
<!-- Generated by org.testng.reporters.JUnitReportReporter -->
<testsuite hostname="LAPTOP-KGDMBK1V" failures="0" tests="3" name="com.testingshastra.uitests.HomePageTests" time="64.612" errors="0" timestamp="2021-11-28T18:50:50 IST" skipped="0">
  <testcase classname="com.testingshastra.uitests.HomePageTests" name="printAllInfoLinks" time="15.775"/>
  <system-out/>
  <testcase classname="com.testingshastra.uitests.HomePageTests" name="verifyTitleofHomePage" time="24.292"/>
  <system-out/>
  <testcase classname="com.testingshastra.uitests.HomePageTests" name="verifyIfUserRedirectsToJoinMeetingPage" time="24.545"/>
  <system-out/>
</testsuite> <!-- com.testingshastra.uitests.HomePageTests -->
