<?xml version="1.0" encoding="UTF-8"?>
<!-- Generated by org.testng.reporters.JUnitReportReporter -->
<testsuite hostname="LAPTOP-KGDMBK1V" failures="0" tests="3" name="com.testingshastra.uitests.HomePageTests" time="55.949" errors="0" timestamp="2021-11-29T15:21:37 IST" skipped="0">
  <testcase classname="com.testingshastra.uitests.HomePageTests" name="verifyIfUserRedirectsToJoinMeetingPage" time="22.071"/>
  <system-out/>
  <testcase classname="com.testingshastra.uitests.HomePageTests" name="verifyTitleofHomePage" time="9.667"/>
  <system-out/>
  <testcase classname="com.testingshastra.uitests.HomePageTests" name="printAllInfoLinks" time="24.211"/>
  <system-out/>
</testsuite> <!-- com.testingshastra.uitests.HomePageTests -->
