<?xml version="1.0" encoding="UTF-8"?>
<!-- Generated by org.testng.reporters.JUnitReportReporter -->
<testsuite hostname="LAPTOP-KGDMBK1V" failures="0" tests="1" name="com.testingshastra.uitests.SignupPageTests" time="100.107" errors="0" timestamp="2021-11-29T15:21:37 IST" skipped="0">
  <testcase classname="com.testingshastra.uitests.SignupPageTests" name="validateFulltNameFieldForCorrectInput" time="100.107"/>
  <system-out/>
</testsuite> <!-- com.testingshastra.uitests.SignupPageTests -->
